<?xml version="1.0" encoding="UTF-8"?>
<!-- Generated by org.testng.reporters.JUnitReportReporter -->
<testsuite hostname="Sanju" failures="0" tests="3" name="TestNG.ex12_MultibrowserTesting" time="33.190" errors="0" timestamp="2024-11-21T08:39:37 IST" skipped="0">
  <testcase classname="TestNG.ex12_MultibrowserTesting" name="TC1" time="9.575"/>
  <system-out/>
  <testcase classname="TestNG.ex12_MultibrowserTesting" name="TC1" time="10.795"/>
  <system-out/>
  <testcase classname="TestNG.ex12_MultibrowserTesting" name="TC1" time="12.820"/>
  <system-out/>
</testsuite> <!-- TestNG.ex12_MultibrowserTesting -->
