<?xml version="1.0" encoding="UTF-8"?>
<!-- Generated by org.testng.reporters.JUnitReportReporter -->
<testsuite hostname="Sanju" failures="0" tests="3" name="TestNG.ex5_TestNGKeyword1_InvocationCount" time="0.013" errors="0" timestamp="2024-11-15T08:40:56 IST" skipped="0">
  <testcase classname="TestNG.ex5_TestNGKeyword1_InvocationCount" name="verifyLogo" time="0.010"/>
  <system-out>
    <![CDATA[--running verifyLogo TC-]]>
  </system-out>
  <testcase classname="TestNG.ex5_TestNGKeyword1_InvocationCount" name="verifyLogo" time="0.001"/>
  <system-out>
    <![CDATA[--running verifyLogo TC-]]>
  </system-out>
  <testcase classname="TestNG.ex5_TestNGKeyword1_InvocationCount" name="verifyLogo" time="0.002"/>
  <system-out>
    <![CDATA[--running verifyLogo TC-]]>
  </system-out>
</testsuite> <!-- TestNG.ex5_TestNGKeyword1_InvocationCount -->
