<?xml version="1.0" encoding="UTF-8"?>
<!-- Generated by org.testng.reporters.JUnitReportReporter -->
<testsuite hostname="Sanju" failures="0" tests="1" name="POM_DDF_TestNG_BaseClass_UtilityClass_SSOfFailedTC_PropertyFile.SwagLabLoginTest" time="8.954" errors="0" timestamp="2024-11-25T08:53:28 IST" skipped="0">
  <testcase classname="POM_DDF_TestNG_BaseClass_UtilityClass_SSOfFailedTC_PropertyFile.SwagLabLoginTest" name="verifyLogoText" time="8.954"/>
  <system-out/>
</testsuite> <!-- POM_DDF_TestNG_BaseClass_UtilityClass_SSOfFailedTC_PropertyFile.SwagLabLoginTest -->
