<?xml version="1.0" encoding="UTF-8"?>
<!-- Generated by org.testng.reporters.JUnitReportReporter -->
<testsuite hostname="Sanju" failures="0" tests="3" name="TestNG.ex3_emailableReport" time="0.012" errors="0" timestamp="2024-11-14T08:53:28 IST" skipped="0">
  <testcase classname="TestNG.ex3_emailableReport" name="TC1" time="0.011"/>
  <system-out>
    <![CDATA[--running TC1--]]>
  </system-out>
  <testcase classname="TestNG.ex3_emailableReport" name="TC3" time="0.001"/>
  <system-out>
    <![CDATA[--running TC3--]]>
  </system-out>
  <testcase classname="TestNG.ex3_emailableReport" name="TC2" time="0.000"/>
  <system-out>
    <![CDATA[--running TC2--]]>
  </system-out>
</testsuite> <!-- TestNG.ex3_emailableReport -->
