<?xml version="1.0" encoding="UTF-8"?>
<!-- Generated by org.testng.reporters.JUnitReportReporter -->
<testsuite hostname="Sanju" failures="0" tests="2" name="TestNG.ex4_TestNGAnnotations" time="0.011" errors="0" timestamp="2024-11-15T08:31:27 IST" skipped="0">
  <testcase classname="TestNG.ex4_TestNGAnnotations" name="verifyLogo2" time="0.003"/>
  <system-out>
    <![CDATA[running verifyLogo2 TC]]>
  </system-out>
  <testcase classname="TestNG.ex4_TestNGAnnotations" name="verifyLogo1" time="0.008"/>
  <system-out>
    <![CDATA[running verifyLogo1 TC]]>
  </system-out>
</testsuite> <!-- TestNG.ex4_TestNGAnnotations -->
