<?xml version="1.0" encoding="UTF-8"?>
<!-- Generated by org.testng.reporters.JUnitReportReporter -->
<testsuite hostname="Sanju" failures="0" tests="2" name="TestNG.ex8_Sample2" time="0.006" errors="0" timestamp="2024-11-18T09:00:42 IST" skipped="0">
  <testcase classname="TestNG.ex8_Sample2" name="TC6" time="0.001"/>
  <system-out>
    <![CDATA[--running TC6-]]>
  </system-out>
  <testcase classname="TestNG.ex8_Sample2" name="TC4" time="0.005"/>
  <system-out>
    <![CDATA[--running TC4-]]>
  </system-out>
</testsuite> <!-- TestNG.ex8_Sample2 -->
