<?xml version="1.0" encoding="UTF-8"?>
<!-- Generated by org.testng.reporters.JUnitReportReporter -->
<testsuite hostname="Sanju" failures="0" tests="1" name="TestNG.ex5_TestNGKeyword4_Timeout" time="3.020" errors="0" timestamp="2024-11-16T08:23:57 IST" skipped="0">
  <testcase classname="TestNG.ex5_TestNGKeyword4_Timeout" name="TC1" time="3.020"/>
  <system-out>
    <![CDATA[--running TC1-]]>
  </system-out>
</testsuite> <!-- TestNG.ex5_TestNGKeyword4_Timeout -->
