<?xml version="1.0" encoding="UTF-8"?>
<!-- Generated by org.testng.reporters.JUnitReportReporter -->
<testsuite hostname="Sanju" failures="0" tests="4" name="TestNG.ex10_Grouping1" time="0.018" errors="0" timestamp="2024-11-19T08:43:53 IST" skipped="0">
  <testcase classname="TestNG.ex10_Grouping1" name="TC4" time="0.001"/>
  <system-out>
    <![CDATA[--running TC4-]]>
  </system-out>
  <testcase classname="TestNG.ex10_Grouping1" name="TC3" time="0.001"/>
  <system-out>
    <![CDATA[--running TC3-]]>
  </system-out>
  <testcase classname="TestNG.ex10_Grouping1" name="TC2" time="0.002"/>
  <system-out>
    <![CDATA[--running TC2-]]>
  </system-out>
  <testcase classname="TestNG.ex10_Grouping1" name="TC1" time="0.014"/>
  <system-out>
    <![CDATA[--running TC1-]]>
  </system-out>
</testsuite> <!-- TestNG.ex10_Grouping1 -->
