<?xml version="1.0" encoding="UTF-8"?>
<!-- Generated by org.testng.reporters.JUnitReportReporter -->
<testsuite hostname="Sanju" failures="0" tests="1" name="TestNG.ex2_TestNG_TestClass" time="5.630" errors="0" timestamp="2024-11-14T08:25:14 IST" skipped="0">
  <testcase classname="TestNG.ex2_TestNG_TestClass" name="TC1" time="5.630"/>
  <system-out/>
</testsuite> <!-- TestNG.ex2_TestNG_TestClass -->
