<?xml version="1.0" encoding="UTF-8"?>
<!-- Generated by org.testng.reporters.JUnitReportReporter -->
<testsuite hostname="Sanju" failures="0" tests="1" name="TestNG.ex9_Sample1" time="0.002" errors="0" timestamp="2024-11-19T08:30:59 IST" skipped="0">
  <testcase classname="TestNG.ex9_Sample1" name="TC2" time="0.002"/>
  <system-out>
    <![CDATA[--running TC2-]]>
  </system-out>
</testsuite> <!-- TestNG.ex9_Sample1 -->
