<?xml version="1.0" encoding="UTF-8"?>
<!-- Generated by org.testng.reporters.JUnitReportReporter -->
<testsuite hostname="Sanju" failures="0" tests="1" name="TestNG.ex7_Verification1_AssertClass1" time="0.015" errors="0" timestamp="2024-11-18T08:25:27 IST" skipped="0">
  <testcase classname="TestNG.ex7_Verification1_AssertClass1" name="m1_assertEquals" time="0.015"/>
  <system-out/>
</testsuite> <!-- TestNG.ex7_Verification1_AssertClass1 -->
