<?xml version="1.0" encoding="UTF-8"?>
<!-- Generated by org.testng.reporters.JUnitReportReporter -->
<testsuite hostname="Sanju" failures="0" tests="1" name="TestNG.ex11_Parallel2" time="8.431" errors="0" timestamp="2024-11-21T08:50:19 IST" skipped="0">
  <testcase classname="TestNG.ex11_Parallel2" name="openGoogleApp" time="8.431"/>
  <system-out/>
</testsuite> <!-- TestNG.ex11_Parallel2 -->
