<?xml version="1.0" encoding="UTF-8"?>
<!-- Generated by org.testng.reporters.JUnitReportReporter -->
<testsuite hostname="Sanju" failures="0" tests="3" name="TestNG.ex5_TestNGKeyword2_enabled_false" time="0.014" errors="0" timestamp="2024-11-15T08:45:07 IST" skipped="2">
  <testcase classname="TestNG.ex5_TestNGKeyword2_enabled_false" name="TC1" time="0.014"/>
  <system-out>
    <![CDATA[--running TC1-]]>
  </system-out>
  <testcase classname="TestNG.ex5_TestNGKeyword2_enabled_false" name="TC3">
    <skipped/>
  </testcase> <!-- TC3 -->
  <system-out/>
  <testcase classname="TestNG.ex5_TestNGKeyword2_enabled_false" name="TC2">
    <skipped/>
  </testcase> <!-- TC2 -->
  <system-out/>
</testsuite> <!-- TestNG.ex5_TestNGKeyword2_enabled_false -->
