<?xml version="1.0" encoding="UTF-8"?>
<!-- Generated by org.testng.reporters.JUnitReportReporter -->
<testsuite hostname="Sanju" failures="0" tests="4" name="TestNG.ex10_Grouping2" time="0.003" errors="0" timestamp="2024-11-19T08:43:53 IST" skipped="0">
  <testcase classname="TestNG.ex10_Grouping2" name="TC9" time="0.000"/>
  <system-out>
    <![CDATA[--running TC9-]]>
  </system-out>
  <testcase classname="TestNG.ex10_Grouping2" name="TC7" time="0.001"/>
  <system-out>
    <![CDATA[--running TC7-]]>
  </system-out>
  <testcase classname="TestNG.ex10_Grouping2" name="TC6" time="0.001"/>
  <system-out>
    <![CDATA[--running TC6-]]>
  </system-out>
  <testcase classname="TestNG.ex10_Grouping2" name="TC8" time="0.001"/>
  <system-out>
    <![CDATA[--running TC8-]]>
  </system-out>
</testsuite> <!-- TestNG.ex10_Grouping2 -->
